2026-01-03 00:10:12,307 ERROR frappe Could not take error snapshot: 'NoneType' object has no attribute 'get'
Site: cng.localhost
Form Dict: {}
Traceback (most recent call last):
  File "/Users/cng/Frappe/frappe-dev/apps/frappe/frappe/app.py", line 102, in application
    init_request(request)
    ~~~~~~~~~~~~^^^^^^^^^
  File "/Users/cng/Frappe/frappe-dev/apps/frappe/frappe/app.py", line 178, in init_request
    frappe.init(site, sites_path=_sites_path, force=True)
    ~~~~~~~~~~~^^^^^^^^^^^^^^^^^^^^^^^^^^^^^^^^^^^^^^^^^^
  File "/Users/cng/Frappe/frappe-dev/apps/frappe/frappe/__init__.py", line 205, in init
    setup_module_map(include_all_apps=not (frappe.request or frappe.job or frappe.flags.in_migrate))
    ~~~~~~~~~~~~~~~~^^^^^^^^^^^^^^^^^^^^^^^^^^^^^^^^^^^^^^^^^^^^^^^^^^^^^^^^^^^^^^^^^^^^^^^^^^^^^^^^
  File "/Users/cng/Frappe/frappe-dev/apps/frappe/frappe/__init__.py", line 1037, in setup_module_map
    for module in get_module_list(app):
                  ~~~~~~~~~~~~~~~^^^^^
  File "/Users/cng/Frappe/frappe-dev/apps/frappe/frappe/__init__.py", line 878, in get_module_list
    return get_file_items(get_app_path(app_name, "modules.txt"))
                          ~~~~~~~~~~~~^^^^^^^^^^^^^^^^^^^^^^^^^
  File "/Users/cng/Frappe/frappe-dev/apps/frappe/frappe/__init__.py", line 843, in get_app_path
    return get_pymodule_path(app_name, *joins)
  File "/Users/cng/Frappe/frappe-dev/apps/frappe/frappe/__init__.py", line 873, in get_pymodule_path
    return abspath(join(dirname(get_module(scrub(modulename)).__file__ or ""), *joins))
                                ~~~~~~~~~~^^^^^^^^^^^^^^^^^^^
  File "/Users/cng/Frappe/frappe-dev/apps/frappe/frappe/__init__.py", line 814, in get_module
    return importlib.import_module(modulename)
           ~~~~~~~~~~~~~~~~~~~~~~~^^^^^^^^^^^^
  File "/opt/homebrew/Cellar/python@3.14/3.14.2/Frameworks/Python.framework/Versions/3.14/lib/python3.14/importlib/__init__.py", line 88, in import_module
    return _bootstrap._gcd_import(name[level:], package, level)
           ~~~~~~~~~~~~~~~~~~~~~~^^^^^^^^^^^^^^^^^^^^^^^^^^^^^^
  File "<frozen importlib._bootstrap>", line 1398, in _gcd_import
  File "<frozen importlib._bootstrap>", line 1371, in _find_and_load
  File "<frozen importlib._bootstrap>", line 1335, in _find_and_load_unlocked
ModuleNotFoundError: No module named 'kita_management'

During handling of the above exception, another exception occurred:

Traceback (most recent call last):
  File "/Users/cng/Frappe/frappe-dev/apps/frappe/frappe/utils/error.py", line 124, in log_error_snapshot
    log_error(title=str(exception), defer_insert=True)
    ~~~~~~~~~^^^^^^^^^^^^^^^^^^^^^^^^^^^^^^^^^^^^^^^^^
  File "/Users/cng/Frappe/frappe-dev/apps/frappe/frappe/utils/error.py", line 64, in log_error
    error_log = frappe.get_doc(
    	doctype="Error Log",
    ...<5 lines>...
    	metadata=metadata,
    )
  File "/Users/cng/Frappe/frappe-dev/apps/frappe/frappe/model/utils/__init__.py", line 217, in wrapper
    return func(*args, **kw)
  File "/Users/cng/Frappe/frappe-dev/apps/frappe/frappe/model/document.py", line 111, in get_doc
    return get_doc_from_dict(kwargs)
  File "/Users/cng/Frappe/frappe-dev/apps/frappe/frappe/model/document.py", line 140, in get_doc_from_dict
    if controller := get_controller(data["doctype"]):
                     ~~~~~~~~~~~~~~^^^^^^^^^^^^^^^^^
  File "/Users/cng/Frappe/frappe-dev/apps/frappe/frappe/model/base_document.py", line 94, in get_controller
    site_controllers[doctype] = import_controller(doctype)
                                ~~~~~~~~~~~~~~~~~^^^^^^^^^
  File "/Users/cng/Frappe/frappe-dev/apps/frappe/frappe/model/base_document.py", line 114, in import_controller
    module = load_doctype_module(doctype, module_name)
  File "/Users/cng/Frappe/frappe-dev/apps/frappe/frappe/modules/utils.py", line 277, in load_doctype_module
    app = get_module_app(module)
  File "/Users/cng/Frappe/frappe-dev/apps/frappe/frappe/modules/utils.py", line 300, in get_module_app
    app = frappe.local.module_app.get(scrub(module))
          ^^^^^^^^^^^^^^^^^^^^^^^^^^^
AttributeError: 'NoneType' object has no attribute 'get'
2026-01-03 00:10:22,102 ERROR frappe Could not take error snapshot: 'NoneType' object has no attribute 'get'
Site: cng.localhost
Form Dict: {}
Traceback (most recent call last):
  File "/Users/cng/Frappe/frappe-dev/apps/frappe/frappe/app.py", line 102, in application
    init_request(request)
    ~~~~~~~~~~~~^^^^^^^^^
  File "/Users/cng/Frappe/frappe-dev/apps/frappe/frappe/app.py", line 178, in init_request
    frappe.init(site, sites_path=_sites_path, force=True)
    ~~~~~~~~~~~^^^^^^^^^^^^^^^^^^^^^^^^^^^^^^^^^^^^^^^^^^
  File "/Users/cng/Frappe/frappe-dev/apps/frappe/frappe/__init__.py", line 205, in init
    setup_module_map(include_all_apps=not (frappe.request or frappe.job or frappe.flags.in_migrate))
    ~~~~~~~~~~~~~~~~^^^^^^^^^^^^^^^^^^^^^^^^^^^^^^^^^^^^^^^^^^^^^^^^^^^^^^^^^^^^^^^^^^^^^^^^^^^^^^^^
  File "/Users/cng/Frappe/frappe-dev/apps/frappe/frappe/__init__.py", line 1037, in setup_module_map
    for module in get_module_list(app):
                  ~~~~~~~~~~~~~~~^^^^^
  File "/Users/cng/Frappe/frappe-dev/apps/frappe/frappe/__init__.py", line 878, in get_module_list
    return get_file_items(get_app_path(app_name, "modules.txt"))
                          ~~~~~~~~~~~~^^^^^^^^^^^^^^^^^^^^^^^^^
  File "/Users/cng/Frappe/frappe-dev/apps/frappe/frappe/__init__.py", line 843, in get_app_path
    return get_pymodule_path(app_name, *joins)
  File "/Users/cng/Frappe/frappe-dev/apps/frappe/frappe/__init__.py", line 873, in get_pymodule_path
    return abspath(join(dirname(get_module(scrub(modulename)).__file__ or ""), *joins))
                                ~~~~~~~~~~^^^^^^^^^^^^^^^^^^^
  File "/Users/cng/Frappe/frappe-dev/apps/frappe/frappe/__init__.py", line 814, in get_module
    return importlib.import_module(modulename)
           ~~~~~~~~~~~~~~~~~~~~~~~^^^^^^^^^^^^
  File "/opt/homebrew/Cellar/python@3.14/3.14.2/Frameworks/Python.framework/Versions/3.14/lib/python3.14/importlib/__init__.py", line 88, in import_module
    return _bootstrap._gcd_import(name[level:], package, level)
           ~~~~~~~~~~~~~~~~~~~~~~^^^^^^^^^^^^^^^^^^^^^^^^^^^^^^
  File "<frozen importlib._bootstrap>", line 1398, in _gcd_import
  File "<frozen importlib._bootstrap>", line 1371, in _find_and_load
  File "<frozen importlib._bootstrap>", line 1335, in _find_and_load_unlocked
ModuleNotFoundError: No module named 'kita_management'

During handling of the above exception, another exception occurred:

Traceback (most recent call last):
  File "/Users/cng/Frappe/frappe-dev/apps/frappe/frappe/utils/error.py", line 124, in log_error_snapshot
    log_error(title=str(exception), defer_insert=True)
    ~~~~~~~~~^^^^^^^^^^^^^^^^^^^^^^^^^^^^^^^^^^^^^^^^^
  File "/Users/cng/Frappe/frappe-dev/apps/frappe/frappe/utils/error.py", line 64, in log_error
    error_log = frappe.get_doc(
    	doctype="Error Log",
    ...<5 lines>...
    	metadata=metadata,
    )
  File "/Users/cng/Frappe/frappe-dev/apps/frappe/frappe/model/utils/__init__.py", line 217, in wrapper
    return func(*args, **kw)
  File "/Users/cng/Frappe/frappe-dev/apps/frappe/frappe/model/document.py", line 111, in get_doc
    return get_doc_from_dict(kwargs)
  File "/Users/cng/Frappe/frappe-dev/apps/frappe/frappe/model/document.py", line 140, in get_doc_from_dict
    if controller := get_controller(data["doctype"]):
                     ~~~~~~~~~~~~~~^^^^^^^^^^^^^^^^^
  File "/Users/cng/Frappe/frappe-dev/apps/frappe/frappe/model/base_document.py", line 94, in get_controller
    site_controllers[doctype] = import_controller(doctype)
                                ~~~~~~~~~~~~~~~~~^^^^^^^^^
  File "/Users/cng/Frappe/frappe-dev/apps/frappe/frappe/model/base_document.py", line 114, in import_controller
    module = load_doctype_module(doctype, module_name)
  File "/Users/cng/Frappe/frappe-dev/apps/frappe/frappe/modules/utils.py", line 277, in load_doctype_module
    app = get_module_app(module)
  File "/Users/cng/Frappe/frappe-dev/apps/frappe/frappe/modules/utils.py", line 300, in get_module_app
    app = frappe.local.module_app.get(scrub(module))
          ^^^^^^^^^^^^^^^^^^^^^^^^^^^
AttributeError: 'NoneType' object has no attribute 'get'
2026-01-03 00:10:24,886 ERROR frappe Unable to load translations
Site: cng.localhost
Form Dict: {}
Traceback (most recent call last):
  File "/Users/cng/Frappe/frappe-dev/apps/frappe/frappe/app.py", line 102, in application
    init_request(request)
    ~~~~~~~~~~~~^^^^^^^^^
  File "/Users/cng/Frappe/frappe-dev/apps/frappe/frappe/app.py", line 178, in init_request
    frappe.init(site, sites_path=_sites_path, force=True)
    ~~~~~~~~~~~^^^^^^^^^^^^^^^^^^^^^^^^^^^^^^^^^^^^^^^^^^
  File "/Users/cng/Frappe/frappe-dev/apps/frappe/frappe/__init__.py", line 205, in init
    setup_module_map(include_all_apps=not (frappe.request or frappe.job or frappe.flags.in_migrate))
    ~~~~~~~~~~~~~~~~^^^^^^^^^^^^^^^^^^^^^^^^^^^^^^^^^^^^^^^^^^^^^^^^^^^^^^^^^^^^^^^^^^^^^^^^^^^^^^^^
  File "/Users/cng/Frappe/frappe-dev/apps/frappe/frappe/__init__.py", line 1037, in setup_module_map
    for module in get_module_list(app):
                  ~~~~~~~~~~~~~~~^^^^^
  File "/Users/cng/Frappe/frappe-dev/apps/frappe/frappe/__init__.py", line 878, in get_module_list
    return get_file_items(get_app_path(app_name, "modules.txt"))
                          ~~~~~~~~~~~~^^^^^^^^^^^^^^^^^^^^^^^^^
  File "/Users/cng/Frappe/frappe-dev/apps/frappe/frappe/__init__.py", line 843, in get_app_path
    return get_pymodule_path(app_name, *joins)
  File "/Users/cng/Frappe/frappe-dev/apps/frappe/frappe/__init__.py", line 873, in get_pymodule_path
    return abspath(join(dirname(get_module(scrub(modulename)).__file__ or ""), *joins))
                                ~~~~~~~~~~^^^^^^^^^^^^^^^^^^^
  File "/Users/cng/Frappe/frappe-dev/apps/frappe/frappe/__init__.py", line 814, in get_module
    return importlib.import_module(modulename)
           ~~~~~~~~~~~~~~~~~~~~~~~^^^^^^^^^^^^
  File "/opt/homebrew/Cellar/python@3.14/3.14.2/Frameworks/Python.framework/Versions/3.14/lib/python3.14/importlib/__init__.py", line 88, in import_module
    return _bootstrap._gcd_import(name[level:], package, level)
           ~~~~~~~~~~~~~~~~~~~~~~^^^^^^^^^^^^^^^^^^^^^^^^^^^^^^
  File "<frozen importlib._bootstrap>", line 1398, in _gcd_import
  File "<frozen importlib._bootstrap>", line 1371, in _find_and_load
  File "<frozen importlib._bootstrap>", line 1335, in _find_and_load_unlocked
ModuleNotFoundError: No module named 'kita_management'

During handling of the above exception, another exception occurred:

Traceback (most recent call last):
  File "/Users/cng/Frappe/frappe-dev/apps/frappe/frappe/translate.py", line 164, in get_all_translations
    return frappe.cache.hget(MERGED_TRANSLATION_KEY, lang, generator=_merge_translations)
           ~~~~~~~~~~~~~~~~~^^^^^^^^^^^^^^^^^^^^^^^^^^^^^^^^^^^^^^^^^^^^^^^^^^^^^^^^^^^^^
  File "/Users/cng/Frappe/frappe-dev/apps/frappe/frappe/utils/redis_wrapper.py", line 253, in hget
    value = generator()
  File "/Users/cng/Frappe/frappe-dev/apps/frappe/frappe/translate.py", line 152, in _merge_translations
    all_translations.update(get_translations_from_apps(lang))
                            ~~~~~~~~~~~~~~~~~~~~~~~~~~^^^^^^
  File "/Users/cng/Frappe/frappe-dev/apps/frappe/frappe/translate.py", line 180, in get_translations_from_apps
    translations.update(get_translations_from_csv(lang, app) or {})
                        ~~~~~~~~~~~~~~~~~~~~~~~~~^^^^^^^^^^^
  File "/Users/cng/Frappe/frappe-dev/apps/frappe/frappe/translate.py", line 192, in get_translations_from_csv
    os.path.join(frappe.get_app_path(app, "translations"), lang + ".csv"), lang, app
                 ~~~~~~~~~~~~~~~~~~~^^^^^^^^^^^^^^^^^^^^^
  File "/Users/cng/Frappe/frappe-dev/apps/frappe/frappe/__init__.py", line 843, in get_app_path
    return get_pymodule_path(app_name, *joins)
  File "/Users/cng/Frappe/frappe-dev/apps/frappe/frappe/__init__.py", line 873, in get_pymodule_path
    return abspath(join(dirname(get_module(scrub(modulename)).__file__ or ""), *joins))
                                ~~~~~~~~~~^^^^^^^^^^^^^^^^^^^
  File "/Users/cng/Frappe/frappe-dev/apps/frappe/frappe/__init__.py", line 814, in get_module
    return importlib.import_module(modulename)
           ~~~~~~~~~~~~~~~~~~~~~~~^^^^^^^^^^^^
  File "/opt/homebrew/Cellar/python@3.14/3.14.2/Frameworks/Python.framework/Versions/3.14/lib/python3.14/importlib/__init__.py", line 88, in import_module
    return _bootstrap._gcd_import(name[level:], package, level)
           ~~~~~~~~~~~~~~~~~~~~~~^^^^^^^^^^^^^^^^^^^^^^^^^^^^^^
  File "<frozen importlib._bootstrap>", line 1398, in _gcd_import
  File "<frozen importlib._bootstrap>", line 1371, in _find_and_load
  File "<frozen importlib._bootstrap>", line 1335, in _find_and_load_unlocked
ModuleNotFoundError: No module named 'kita_management'
2026-01-03 00:10:24,889 ERROR frappe Unable to load translations
Site: cng.localhost
Form Dict: {}
Traceback (most recent call last):
  File "/Users/cng/Frappe/frappe-dev/apps/frappe/frappe/app.py", line 102, in application
    init_request(request)
    ~~~~~~~~~~~~^^^^^^^^^
  File "/Users/cng/Frappe/frappe-dev/apps/frappe/frappe/app.py", line 178, in init_request
    frappe.init(site, sites_path=_sites_path, force=True)
    ~~~~~~~~~~~^^^^^^^^^^^^^^^^^^^^^^^^^^^^^^^^^^^^^^^^^^
  File "/Users/cng/Frappe/frappe-dev/apps/frappe/frappe/__init__.py", line 205, in init
    setup_module_map(include_all_apps=not (frappe.request or frappe.job or frappe.flags.in_migrate))
    ~~~~~~~~~~~~~~~~^^^^^^^^^^^^^^^^^^^^^^^^^^^^^^^^^^^^^^^^^^^^^^^^^^^^^^^^^^^^^^^^^^^^^^^^^^^^^^^^
  File "/Users/cng/Frappe/frappe-dev/apps/frappe/frappe/__init__.py", line 1037, in setup_module_map
    for module in get_module_list(app):
                  ~~~~~~~~~~~~~~~^^^^^
  File "/Users/cng/Frappe/frappe-dev/apps/frappe/frappe/__init__.py", line 878, in get_module_list
    return get_file_items(get_app_path(app_name, "modules.txt"))
                          ~~~~~~~~~~~~^^^^^^^^^^^^^^^^^^^^^^^^^
  File "/Users/cng/Frappe/frappe-dev/apps/frappe/frappe/__init__.py", line 843, in get_app_path
    return get_pymodule_path(app_name, *joins)
  File "/Users/cng/Frappe/frappe-dev/apps/frappe/frappe/__init__.py", line 873, in get_pymodule_path
    return abspath(join(dirname(get_module(scrub(modulename)).__file__ or ""), *joins))
                                ~~~~~~~~~~^^^^^^^^^^^^^^^^^^^
  File "/Users/cng/Frappe/frappe-dev/apps/frappe/frappe/__init__.py", line 814, in get_module
    return importlib.import_module(modulename)
           ~~~~~~~~~~~~~~~~~~~~~~~^^^^^^^^^^^^
  File "/opt/homebrew/Cellar/python@3.14/3.14.2/Frameworks/Python.framework/Versions/3.14/lib/python3.14/importlib/__init__.py", line 88, in import_module
    return _bootstrap._gcd_import(name[level:], package, level)
           ~~~~~~~~~~~~~~~~~~~~~~^^^^^^^^^^^^^^^^^^^^^^^^^^^^^^
  File "<frozen importlib._bootstrap>", line 1398, in _gcd_import
  File "<frozen importlib._bootstrap>", line 1371, in _find_and_load
  File "<frozen importlib._bootstrap>", line 1335, in _find_and_load_unlocked
ModuleNotFoundError: No module named 'kita_management'

During handling of the above exception, another exception occurred:

Traceback (most recent call last):
  File "/Users/cng/Frappe/frappe-dev/apps/frappe/frappe/translate.py", line 164, in get_all_translations
    return frappe.cache.hget(MERGED_TRANSLATION_KEY, lang, generator=_merge_translations)
           ~~~~~~~~~~~~~~~~~^^^^^^^^^^^^^^^^^^^^^^^^^^^^^^^^^^^^^^^^^^^^^^^^^^^^^^^^^^^^^
  File "/Users/cng/Frappe/frappe-dev/apps/frappe/frappe/utils/redis_wrapper.py", line 253, in hget
    value = generator()
  File "/Users/cng/Frappe/frappe-dev/apps/frappe/frappe/translate.py", line 152, in _merge_translations
    all_translations.update(get_translations_from_apps(lang))
                            ~~~~~~~~~~~~~~~~~~~~~~~~~~^^^^^^
  File "/Users/cng/Frappe/frappe-dev/apps/frappe/frappe/translate.py", line 180, in get_translations_from_apps
    translations.update(get_translations_from_csv(lang, app) or {})
                        ~~~~~~~~~~~~~~~~~~~~~~~~~^^^^^^^^^^^
  File "/Users/cng/Frappe/frappe-dev/apps/frappe/frappe/translate.py", line 192, in get_translations_from_csv
    os.path.join(frappe.get_app_path(app, "translations"), lang + ".csv"), lang, app
                 ~~~~~~~~~~~~~~~~~~~^^^^^^^^^^^^^^^^^^^^^
  File "/Users/cng/Frappe/frappe-dev/apps/frappe/frappe/__init__.py", line 843, in get_app_path
    return get_pymodule_path(app_name, *joins)
  File "/Users/cng/Frappe/frappe-dev/apps/frappe/frappe/__init__.py", line 873, in get_pymodule_path
    return abspath(join(dirname(get_module(scrub(modulename)).__file__ or ""), *joins))
                                ~~~~~~~~~~^^^^^^^^^^^^^^^^^^^
  File "/Users/cng/Frappe/frappe-dev/apps/frappe/frappe/__init__.py", line 814, in get_module
    return importlib.import_module(modulename)
           ~~~~~~~~~~~~~~~~~~~~~~~^^^^^^^^^^^^
  File "/opt/homebrew/Cellar/python@3.14/3.14.2/Frameworks/Python.framework/Versions/3.14/lib/python3.14/importlib/__init__.py", line 88, in import_module
    return _bootstrap._gcd_import(name[level:], package, level)
           ~~~~~~~~~~~~~~~~~~~~~~^^^^^^^^^^^^^^^^^^^^^^^^^^^^^^
  File "<frozen importlib._bootstrap>", line 1398, in _gcd_import
  File "<frozen importlib._bootstrap>", line 1371, in _find_and_load
  File "<frozen importlib._bootstrap>", line 1335, in _find_and_load_unlocked
ModuleNotFoundError: No module named 'kita_management'
2026-01-03 00:10:27,748 ERROR frappe Unable to load translations
Site: cng.localhost
Form Dict: {}
Traceback (most recent call last):
  File "/Users/cng/Frappe/frappe-dev/apps/frappe/frappe/app.py", line 102, in application
    init_request(request)
    ~~~~~~~~~~~~^^^^^^^^^
  File "/Users/cng/Frappe/frappe-dev/apps/frappe/frappe/app.py", line 178, in init_request
    frappe.init(site, sites_path=_sites_path, force=True)
    ~~~~~~~~~~~^^^^^^^^^^^^^^^^^^^^^^^^^^^^^^^^^^^^^^^^^^
  File "/Users/cng/Frappe/frappe-dev/apps/frappe/frappe/__init__.py", line 205, in init
    setup_module_map(include_all_apps=not (frappe.request or frappe.job or frappe.flags.in_migrate))
    ~~~~~~~~~~~~~~~~^^^^^^^^^^^^^^^^^^^^^^^^^^^^^^^^^^^^^^^^^^^^^^^^^^^^^^^^^^^^^^^^^^^^^^^^^^^^^^^^
  File "/Users/cng/Frappe/frappe-dev/apps/frappe/frappe/__init__.py", line 1037, in setup_module_map
    for module in get_module_list(app):
                  ~~~~~~~~~~~~~~~^^^^^
  File "/Users/cng/Frappe/frappe-dev/apps/frappe/frappe/__init__.py", line 878, in get_module_list
    return get_file_items(get_app_path(app_name, "modules.txt"))
                          ~~~~~~~~~~~~^^^^^^^^^^^^^^^^^^^^^^^^^
  File "/Users/cng/Frappe/frappe-dev/apps/frappe/frappe/__init__.py", line 843, in get_app_path
    return get_pymodule_path(app_name, *joins)
  File "/Users/cng/Frappe/frappe-dev/apps/frappe/frappe/__init__.py", line 873, in get_pymodule_path
    return abspath(join(dirname(get_module(scrub(modulename)).__file__ or ""), *joins))
                                ~~~~~~~~~~^^^^^^^^^^^^^^^^^^^
  File "/Users/cng/Frappe/frappe-dev/apps/frappe/frappe/__init__.py", line 814, in get_module
    return importlib.import_module(modulename)
           ~~~~~~~~~~~~~~~~~~~~~~~^^^^^^^^^^^^
  File "/opt/homebrew/Cellar/python@3.14/3.14.2/Frameworks/Python.framework/Versions/3.14/lib/python3.14/importlib/__init__.py", line 88, in import_module
    return _bootstrap._gcd_import(name[level:], package, level)
           ~~~~~~~~~~~~~~~~~~~~~~^^^^^^^^^^^^^^^^^^^^^^^^^^^^^^
  File "<frozen importlib._bootstrap>", line 1398, in _gcd_import
  File "<frozen importlib._bootstrap>", line 1371, in _find_and_load
  File "<frozen importlib._bootstrap>", line 1335, in _find_and_load_unlocked
ModuleNotFoundError: No module named 'kita_management'

During handling of the above exception, another exception occurred:

Traceback (most recent call last):
  File "/Users/cng/Frappe/frappe-dev/apps/frappe/frappe/translate.py", line 164, in get_all_translations
    return frappe.cache.hget(MERGED_TRANSLATION_KEY, lang, generator=_merge_translations)
           ~~~~~~~~~~~~~~~~~^^^^^^^^^^^^^^^^^^^^^^^^^^^^^^^^^^^^^^^^^^^^^^^^^^^^^^^^^^^^^
  File "/Users/cng/Frappe/frappe-dev/apps/frappe/frappe/utils/redis_wrapper.py", line 253, in hget
    value = generator()
  File "/Users/cng/Frappe/frappe-dev/apps/frappe/frappe/translate.py", line 152, in _merge_translations
    all_translations.update(get_translations_from_apps(lang))
                            ~~~~~~~~~~~~~~~~~~~~~~~~~~^^^^^^
  File "/Users/cng/Frappe/frappe-dev/apps/frappe/frappe/translate.py", line 180, in get_translations_from_apps
    translations.update(get_translations_from_csv(lang, app) or {})
                        ~~~~~~~~~~~~~~~~~~~~~~~~~^^^^^^^^^^^
  File "/Users/cng/Frappe/frappe-dev/apps/frappe/frappe/translate.py", line 192, in get_translations_from_csv
    os.path.join(frappe.get_app_path(app, "translations"), lang + ".csv"), lang, app
                 ~~~~~~~~~~~~~~~~~~~^^^^^^^^^^^^^^^^^^^^^
  File "/Users/cng/Frappe/frappe-dev/apps/frappe/frappe/__init__.py", line 843, in get_app_path
    return get_pymodule_path(app_name, *joins)
  File "/Users/cng/Frappe/frappe-dev/apps/frappe/frappe/__init__.py", line 873, in get_pymodule_path
    return abspath(join(dirname(get_module(scrub(modulename)).__file__ or ""), *joins))
                                ~~~~~~~~~~^^^^^^^^^^^^^^^^^^^
  File "/Users/cng/Frappe/frappe-dev/apps/frappe/frappe/__init__.py", line 814, in get_module
    return importlib.import_module(modulename)
           ~~~~~~~~~~~~~~~~~~~~~~~^^^^^^^^^^^^
  File "/opt/homebrew/Cellar/python@3.14/3.14.2/Frameworks/Python.framework/Versions/3.14/lib/python3.14/importlib/__init__.py", line 88, in import_module
    return _bootstrap._gcd_import(name[level:], package, level)
           ~~~~~~~~~~~~~~~~~~~~~~^^^^^^^^^^^^^^^^^^^^^^^^^^^^^^
  File "<frozen importlib._bootstrap>", line 1398, in _gcd_import
  File "<frozen importlib._bootstrap>", line 1371, in _find_and_load
  File "<frozen importlib._bootstrap>", line 1335, in _find_and_load_unlocked
ModuleNotFoundError: No module named 'kita_management'
2026-01-03 00:10:27,751 ERROR frappe Unable to load translations
Site: cng.localhost
Form Dict: {}
Traceback (most recent call last):
  File "/Users/cng/Frappe/frappe-dev/apps/frappe/frappe/app.py", line 102, in application
    init_request(request)
    ~~~~~~~~~~~~^^^^^^^^^
  File "/Users/cng/Frappe/frappe-dev/apps/frappe/frappe/app.py", line 178, in init_request
    frappe.init(site, sites_path=_sites_path, force=True)
    ~~~~~~~~~~~^^^^^^^^^^^^^^^^^^^^^^^^^^^^^^^^^^^^^^^^^^
  File "/Users/cng/Frappe/frappe-dev/apps/frappe/frappe/__init__.py", line 205, in init
    setup_module_map(include_all_apps=not (frappe.request or frappe.job or frappe.flags.in_migrate))
    ~~~~~~~~~~~~~~~~^^^^^^^^^^^^^^^^^^^^^^^^^^^^^^^^^^^^^^^^^^^^^^^^^^^^^^^^^^^^^^^^^^^^^^^^^^^^^^^^
  File "/Users/cng/Frappe/frappe-dev/apps/frappe/frappe/__init__.py", line 1037, in setup_module_map
    for module in get_module_list(app):
                  ~~~~~~~~~~~~~~~^^^^^
  File "/Users/cng/Frappe/frappe-dev/apps/frappe/frappe/__init__.py", line 878, in get_module_list
    return get_file_items(get_app_path(app_name, "modules.txt"))
                          ~~~~~~~~~~~~^^^^^^^^^^^^^^^^^^^^^^^^^
  File "/Users/cng/Frappe/frappe-dev/apps/frappe/frappe/__init__.py", line 843, in get_app_path
    return get_pymodule_path(app_name, *joins)
  File "/Users/cng/Frappe/frappe-dev/apps/frappe/frappe/__init__.py", line 873, in get_pymodule_path
    return abspath(join(dirname(get_module(scrub(modulename)).__file__ or ""), *joins))
                                ~~~~~~~~~~^^^^^^^^^^^^^^^^^^^
  File "/Users/cng/Frappe/frappe-dev/apps/frappe/frappe/__init__.py", line 814, in get_module
    return importlib.import_module(modulename)
           ~~~~~~~~~~~~~~~~~~~~~~~^^^^^^^^^^^^
  File "/opt/homebrew/Cellar/python@3.14/3.14.2/Frameworks/Python.framework/Versions/3.14/lib/python3.14/importlib/__init__.py", line 88, in import_module
    return _bootstrap._gcd_import(name[level:], package, level)
           ~~~~~~~~~~~~~~~~~~~~~~^^^^^^^^^^^^^^^^^^^^^^^^^^^^^^
  File "<frozen importlib._bootstrap>", line 1398, in _gcd_import
  File "<frozen importlib._bootstrap>", line 1371, in _find_and_load
  File "<frozen importlib._bootstrap>", line 1335, in _find_and_load_unlocked
ModuleNotFoundError: No module named 'kita_management'

During handling of the above exception, another exception occurred:

Traceback (most recent call last):
  File "/Users/cng/Frappe/frappe-dev/apps/frappe/frappe/translate.py", line 164, in get_all_translations
    return frappe.cache.hget(MERGED_TRANSLATION_KEY, lang, generator=_merge_translations)
           ~~~~~~~~~~~~~~~~~^^^^^^^^^^^^^^^^^^^^^^^^^^^^^^^^^^^^^^^^^^^^^^^^^^^^^^^^^^^^^
  File "/Users/cng/Frappe/frappe-dev/apps/frappe/frappe/utils/redis_wrapper.py", line 253, in hget
    value = generator()
  File "/Users/cng/Frappe/frappe-dev/apps/frappe/frappe/translate.py", line 152, in _merge_translations
    all_translations.update(get_translations_from_apps(lang))
                            ~~~~~~~~~~~~~~~~~~~~~~~~~~^^^^^^
  File "/Users/cng/Frappe/frappe-dev/apps/frappe/frappe/translate.py", line 180, in get_translations_from_apps
    translations.update(get_translations_from_csv(lang, app) or {})
                        ~~~~~~~~~~~~~~~~~~~~~~~~~^^^^^^^^^^^
  File "/Users/cng/Frappe/frappe-dev/apps/frappe/frappe/translate.py", line 192, in get_translations_from_csv
    os.path.join(frappe.get_app_path(app, "translations"), lang + ".csv"), lang, app
                 ~~~~~~~~~~~~~~~~~~~^^^^^^^^^^^^^^^^^^^^^
  File "/Users/cng/Frappe/frappe-dev/apps/frappe/frappe/__init__.py", line 843, in get_app_path
    return get_pymodule_path(app_name, *joins)
  File "/Users/cng/Frappe/frappe-dev/apps/frappe/frappe/__init__.py", line 873, in get_pymodule_path
    return abspath(join(dirname(get_module(scrub(modulename)).__file__ or ""), *joins))
                                ~~~~~~~~~~^^^^^^^^^^^^^^^^^^^
  File "/Users/cng/Frappe/frappe-dev/apps/frappe/frappe/__init__.py", line 814, in get_module
    return importlib.import_module(modulename)
           ~~~~~~~~~~~~~~~~~~~~~~~^^^^^^^^^^^^
  File "/opt/homebrew/Cellar/python@3.14/3.14.2/Frameworks/Python.framework/Versions/3.14/lib/python3.14/importlib/__init__.py", line 88, in import_module
    return _bootstrap._gcd_import(name[level:], package, level)
           ~~~~~~~~~~~~~~~~~~~~~~^^^^^^^^^^^^^^^^^^^^^^^^^^^^^^
  File "<frozen importlib._bootstrap>", line 1398, in _gcd_import
  File "<frozen importlib._bootstrap>", line 1371, in _find_and_load
  File "<frozen importlib._bootstrap>", line 1335, in _find_and_load_unlocked
ModuleNotFoundError: No module named 'kita_management'
2026-01-03 00:11:46,646 ERROR frappe Unable to load translations
Site: cng.localhost
Form Dict: {}
Traceback (most recent call last):
  File "/Users/cng/Frappe/frappe-dev/apps/frappe/frappe/app.py", line 102, in application
    init_request(request)
    ~~~~~~~~~~~~^^^^^^^^^
  File "/Users/cng/Frappe/frappe-dev/apps/frappe/frappe/app.py", line 178, in init_request
    frappe.init(site, sites_path=_sites_path, force=True)
    ~~~~~~~~~~~^^^^^^^^^^^^^^^^^^^^^^^^^^^^^^^^^^^^^^^^^^
  File "/Users/cng/Frappe/frappe-dev/apps/frappe/frappe/__init__.py", line 205, in init
    setup_module_map(include_all_apps=not (frappe.request or frappe.job or frappe.flags.in_migrate))
    ~~~~~~~~~~~~~~~~^^^^^^^^^^^^^^^^^^^^^^^^^^^^^^^^^^^^^^^^^^^^^^^^^^^^^^^^^^^^^^^^^^^^^^^^^^^^^^^^
  File "/Users/cng/Frappe/frappe-dev/apps/frappe/frappe/__init__.py", line 1037, in setup_module_map
    for module in get_module_list(app):
                  ~~~~~~~~~~~~~~~^^^^^
  File "/Users/cng/Frappe/frappe-dev/apps/frappe/frappe/__init__.py", line 878, in get_module_list
    return get_file_items(get_app_path(app_name, "modules.txt"))
                          ~~~~~~~~~~~~^^^^^^^^^^^^^^^^^^^^^^^^^
  File "/Users/cng/Frappe/frappe-dev/apps/frappe/frappe/__init__.py", line 843, in get_app_path
    return get_pymodule_path(app_name, *joins)
  File "/Users/cng/Frappe/frappe-dev/apps/frappe/frappe/__init__.py", line 873, in get_pymodule_path
    return abspath(join(dirname(get_module(scrub(modulename)).__file__ or ""), *joins))
                                ~~~~~~~~~~^^^^^^^^^^^^^^^^^^^
  File "/Users/cng/Frappe/frappe-dev/apps/frappe/frappe/__init__.py", line 814, in get_module
    return importlib.import_module(modulename)
           ~~~~~~~~~~~~~~~~~~~~~~~^^^^^^^^^^^^
  File "/opt/homebrew/Cellar/python@3.14/3.14.2/Frameworks/Python.framework/Versions/3.14/lib/python3.14/importlib/__init__.py", line 88, in import_module
    return _bootstrap._gcd_import(name[level:], package, level)
           ~~~~~~~~~~~~~~~~~~~~~~^^^^^^^^^^^^^^^^^^^^^^^^^^^^^^
  File "<frozen importlib._bootstrap>", line 1398, in _gcd_import
  File "<frozen importlib._bootstrap>", line 1371, in _find_and_load
  File "<frozen importlib._bootstrap>", line 1335, in _find_and_load_unlocked
ModuleNotFoundError: No module named 'kita_management'

During handling of the above exception, another exception occurred:

Traceback (most recent call last):
  File "/Users/cng/Frappe/frappe-dev/apps/frappe/frappe/translate.py", line 164, in get_all_translations
    return frappe.cache.hget(MERGED_TRANSLATION_KEY, lang, generator=_merge_translations)
           ~~~~~~~~~~~~~~~~~^^^^^^^^^^^^^^^^^^^^^^^^^^^^^^^^^^^^^^^^^^^^^^^^^^^^^^^^^^^^^
  File "/Users/cng/Frappe/frappe-dev/apps/frappe/frappe/utils/redis_wrapper.py", line 253, in hget
    value = generator()
  File "/Users/cng/Frappe/frappe-dev/apps/frappe/frappe/translate.py", line 152, in _merge_translations
    all_translations.update(get_translations_from_apps(lang))
                            ~~~~~~~~~~~~~~~~~~~~~~~~~~^^^^^^
  File "/Users/cng/Frappe/frappe-dev/apps/frappe/frappe/translate.py", line 180, in get_translations_from_apps
    translations.update(get_translations_from_csv(lang, app) or {})
                        ~~~~~~~~~~~~~~~~~~~~~~~~~^^^^^^^^^^^
  File "/Users/cng/Frappe/frappe-dev/apps/frappe/frappe/translate.py", line 192, in get_translations_from_csv
    os.path.join(frappe.get_app_path(app, "translations"), lang + ".csv"), lang, app
                 ~~~~~~~~~~~~~~~~~~~^^^^^^^^^^^^^^^^^^^^^
  File "/Users/cng/Frappe/frappe-dev/apps/frappe/frappe/__init__.py", line 843, in get_app_path
    return get_pymodule_path(app_name, *joins)
  File "/Users/cng/Frappe/frappe-dev/apps/frappe/frappe/__init__.py", line 873, in get_pymodule_path
    return abspath(join(dirname(get_module(scrub(modulename)).__file__ or ""), *joins))
                                ~~~~~~~~~~^^^^^^^^^^^^^^^^^^^
  File "/Users/cng/Frappe/frappe-dev/apps/frappe/frappe/__init__.py", line 814, in get_module
    return importlib.import_module(modulename)
           ~~~~~~~~~~~~~~~~~~~~~~~^^^^^^^^^^^^
  File "/opt/homebrew/Cellar/python@3.14/3.14.2/Frameworks/Python.framework/Versions/3.14/lib/python3.14/importlib/__init__.py", line 88, in import_module
    return _bootstrap._gcd_import(name[level:], package, level)
           ~~~~~~~~~~~~~~~~~~~~~~^^^^^^^^^^^^^^^^^^^^^^^^^^^^^^
  File "<frozen importlib._bootstrap>", line 1398, in _gcd_import
  File "<frozen importlib._bootstrap>", line 1371, in _find_and_load
  File "<frozen importlib._bootstrap>", line 1335, in _find_and_load_unlocked
ModuleNotFoundError: No module named 'kita_management'
2026-01-03 00:11:46,649 ERROR frappe Unable to load translations
Site: cng.localhost
Form Dict: {}
Traceback (most recent call last):
  File "/Users/cng/Frappe/frappe-dev/apps/frappe/frappe/app.py", line 102, in application
    init_request(request)
    ~~~~~~~~~~~~^^^^^^^^^
  File "/Users/cng/Frappe/frappe-dev/apps/frappe/frappe/app.py", line 178, in init_request
    frappe.init(site, sites_path=_sites_path, force=True)
    ~~~~~~~~~~~^^^^^^^^^^^^^^^^^^^^^^^^^^^^^^^^^^^^^^^^^^
  File "/Users/cng/Frappe/frappe-dev/apps/frappe/frappe/__init__.py", line 205, in init
    setup_module_map(include_all_apps=not (frappe.request or frappe.job or frappe.flags.in_migrate))
    ~~~~~~~~~~~~~~~~^^^^^^^^^^^^^^^^^^^^^^^^^^^^^^^^^^^^^^^^^^^^^^^^^^^^^^^^^^^^^^^^^^^^^^^^^^^^^^^^
  File "/Users/cng/Frappe/frappe-dev/apps/frappe/frappe/__init__.py", line 1037, in setup_module_map
    for module in get_module_list(app):
                  ~~~~~~~~~~~~~~~^^^^^
  File "/Users/cng/Frappe/frappe-dev/apps/frappe/frappe/__init__.py", line 878, in get_module_list
    return get_file_items(get_app_path(app_name, "modules.txt"))
                          ~~~~~~~~~~~~^^^^^^^^^^^^^^^^^^^^^^^^^
  File "/Users/cng/Frappe/frappe-dev/apps/frappe/frappe/__init__.py", line 843, in get_app_path
    return get_pymodule_path(app_name, *joins)
  File "/Users/cng/Frappe/frappe-dev/apps/frappe/frappe/__init__.py", line 873, in get_pymodule_path
    return abspath(join(dirname(get_module(scrub(modulename)).__file__ or ""), *joins))
                                ~~~~~~~~~~^^^^^^^^^^^^^^^^^^^
  File "/Users/cng/Frappe/frappe-dev/apps/frappe/frappe/__init__.py", line 814, in get_module
    return importlib.import_module(modulename)
           ~~~~~~~~~~~~~~~~~~~~~~~^^^^^^^^^^^^
  File "/opt/homebrew/Cellar/python@3.14/3.14.2/Frameworks/Python.framework/Versions/3.14/lib/python3.14/importlib/__init__.py", line 88, in import_module
    return _bootstrap._gcd_import(name[level:], package, level)
           ~~~~~~~~~~~~~~~~~~~~~~^^^^^^^^^^^^^^^^^^^^^^^^^^^^^^
  File "<frozen importlib._bootstrap>", line 1398, in _gcd_import
  File "<frozen importlib._bootstrap>", line 1371, in _find_and_load
  File "<frozen importlib._bootstrap>", line 1335, in _find_and_load_unlocked
ModuleNotFoundError: No module named 'kita_management'

During handling of the above exception, another exception occurred:

Traceback (most recent call last):
  File "/Users/cng/Frappe/frappe-dev/apps/frappe/frappe/translate.py", line 164, in get_all_translations
    return frappe.cache.hget(MERGED_TRANSLATION_KEY, lang, generator=_merge_translations)
           ~~~~~~~~~~~~~~~~~^^^^^^^^^^^^^^^^^^^^^^^^^^^^^^^^^^^^^^^^^^^^^^^^^^^^^^^^^^^^^
  File "/Users/cng/Frappe/frappe-dev/apps/frappe/frappe/utils/redis_wrapper.py", line 253, in hget
    value = generator()
  File "/Users/cng/Frappe/frappe-dev/apps/frappe/frappe/translate.py", line 152, in _merge_translations
    all_translations.update(get_translations_from_apps(lang))
                            ~~~~~~~~~~~~~~~~~~~~~~~~~~^^^^^^
  File "/Users/cng/Frappe/frappe-dev/apps/frappe/frappe/translate.py", line 180, in get_translations_from_apps
    translations.update(get_translations_from_csv(lang, app) or {})
                        ~~~~~~~~~~~~~~~~~~~~~~~~~^^^^^^^^^^^
  File "/Users/cng/Frappe/frappe-dev/apps/frappe/frappe/translate.py", line 192, in get_translations_from_csv
    os.path.join(frappe.get_app_path(app, "translations"), lang + ".csv"), lang, app
                 ~~~~~~~~~~~~~~~~~~~^^^^^^^^^^^^^^^^^^^^^
  File "/Users/cng/Frappe/frappe-dev/apps/frappe/frappe/__init__.py", line 843, in get_app_path
    return get_pymodule_path(app_name, *joins)
  File "/Users/cng/Frappe/frappe-dev/apps/frappe/frappe/__init__.py", line 873, in get_pymodule_path
    return abspath(join(dirname(get_module(scrub(modulename)).__file__ or ""), *joins))
                                ~~~~~~~~~~^^^^^^^^^^^^^^^^^^^
  File "/Users/cng/Frappe/frappe-dev/apps/frappe/frappe/__init__.py", line 814, in get_module
    return importlib.import_module(modulename)
           ~~~~~~~~~~~~~~~~~~~~~~~^^^^^^^^^^^^
  File "/opt/homebrew/Cellar/python@3.14/3.14.2/Frameworks/Python.framework/Versions/3.14/lib/python3.14/importlib/__init__.py", line 88, in import_module
    return _bootstrap._gcd_import(name[level:], package, level)
           ~~~~~~~~~~~~~~~~~~~~~~^^^^^^^^^^^^^^^^^^^^^^^^^^^^^^
  File "<frozen importlib._bootstrap>", line 1398, in _gcd_import
  File "<frozen importlib._bootstrap>", line 1371, in _find_and_load
  File "<frozen importlib._bootstrap>", line 1335, in _find_and_load_unlocked
ModuleNotFoundError: No module named 'kita_management'
2026-01-03 00:11:48,027 ERROR frappe Unable to load translations
Site: cng.localhost
Form Dict: {}
Traceback (most recent call last):
  File "/Users/cng/Frappe/frappe-dev/apps/frappe/frappe/app.py", line 102, in application
    init_request(request)
    ~~~~~~~~~~~~^^^^^^^^^
  File "/Users/cng/Frappe/frappe-dev/apps/frappe/frappe/app.py", line 178, in init_request
    frappe.init(site, sites_path=_sites_path, force=True)
    ~~~~~~~~~~~^^^^^^^^^^^^^^^^^^^^^^^^^^^^^^^^^^^^^^^^^^
  File "/Users/cng/Frappe/frappe-dev/apps/frappe/frappe/__init__.py", line 205, in init
    setup_module_map(include_all_apps=not (frappe.request or frappe.job or frappe.flags.in_migrate))
    ~~~~~~~~~~~~~~~~^^^^^^^^^^^^^^^^^^^^^^^^^^^^^^^^^^^^^^^^^^^^^^^^^^^^^^^^^^^^^^^^^^^^^^^^^^^^^^^^
  File "/Users/cng/Frappe/frappe-dev/apps/frappe/frappe/__init__.py", line 1037, in setup_module_map
    for module in get_module_list(app):
                  ~~~~~~~~~~~~~~~^^^^^
  File "/Users/cng/Frappe/frappe-dev/apps/frappe/frappe/__init__.py", line 878, in get_module_list
    return get_file_items(get_app_path(app_name, "modules.txt"))
                          ~~~~~~~~~~~~^^^^^^^^^^^^^^^^^^^^^^^^^
  File "/Users/cng/Frappe/frappe-dev/apps/frappe/frappe/__init__.py", line 843, in get_app_path
    return get_pymodule_path(app_name, *joins)
  File "/Users/cng/Frappe/frappe-dev/apps/frappe/frappe/__init__.py", line 873, in get_pymodule_path
    return abspath(join(dirname(get_module(scrub(modulename)).__file__ or ""), *joins))
                                ~~~~~~~~~~^^^^^^^^^^^^^^^^^^^
  File "/Users/cng/Frappe/frappe-dev/apps/frappe/frappe/__init__.py", line 814, in get_module
    return importlib.import_module(modulename)
           ~~~~~~~~~~~~~~~~~~~~~~~^^^^^^^^^^^^
  File "/opt/homebrew/Cellar/python@3.14/3.14.2/Frameworks/Python.framework/Versions/3.14/lib/python3.14/importlib/__init__.py", line 88, in import_module
    return _bootstrap._gcd_import(name[level:], package, level)
           ~~~~~~~~~~~~~~~~~~~~~~^^^^^^^^^^^^^^^^^^^^^^^^^^^^^^
  File "<frozen importlib._bootstrap>", line 1398, in _gcd_import
  File "<frozen importlib._bootstrap>", line 1371, in _find_and_load
  File "<frozen importlib._bootstrap>", line 1335, in _find_and_load_unlocked
ModuleNotFoundError: No module named 'kita_management'

During handling of the above exception, another exception occurred:

Traceback (most recent call last):
  File "/Users/cng/Frappe/frappe-dev/apps/frappe/frappe/translate.py", line 164, in get_all_translations
    return frappe.cache.hget(MERGED_TRANSLATION_KEY, lang, generator=_merge_translations)
           ~~~~~~~~~~~~~~~~~^^^^^^^^^^^^^^^^^^^^^^^^^^^^^^^^^^^^^^^^^^^^^^^^^^^^^^^^^^^^^
  File "/Users/cng/Frappe/frappe-dev/apps/frappe/frappe/utils/redis_wrapper.py", line 253, in hget
    value = generator()
  File "/Users/cng/Frappe/frappe-dev/apps/frappe/frappe/translate.py", line 152, in _merge_translations
    all_translations.update(get_translations_from_apps(lang))
                            ~~~~~~~~~~~~~~~~~~~~~~~~~~^^^^^^
  File "/Users/cng/Frappe/frappe-dev/apps/frappe/frappe/translate.py", line 180, in get_translations_from_apps
    translations.update(get_translations_from_csv(lang, app) or {})
                        ~~~~~~~~~~~~~~~~~~~~~~~~~^^^^^^^^^^^
  File "/Users/cng/Frappe/frappe-dev/apps/frappe/frappe/translate.py", line 192, in get_translations_from_csv
    os.path.join(frappe.get_app_path(app, "translations"), lang + ".csv"), lang, app
                 ~~~~~~~~~~~~~~~~~~~^^^^^^^^^^^^^^^^^^^^^
  File "/Users/cng/Frappe/frappe-dev/apps/frappe/frappe/__init__.py", line 843, in get_app_path
    return get_pymodule_path(app_name, *joins)
  File "/Users/cng/Frappe/frappe-dev/apps/frappe/frappe/__init__.py", line 873, in get_pymodule_path
    return abspath(join(dirname(get_module(scrub(modulename)).__file__ or ""), *joins))
                                ~~~~~~~~~~^^^^^^^^^^^^^^^^^^^
  File "/Users/cng/Frappe/frappe-dev/apps/frappe/frappe/__init__.py", line 814, in get_module
    return importlib.import_module(modulename)
           ~~~~~~~~~~~~~~~~~~~~~~~^^^^^^^^^^^^
  File "/opt/homebrew/Cellar/python@3.14/3.14.2/Frameworks/Python.framework/Versions/3.14/lib/python3.14/importlib/__init__.py", line 88, in import_module
    return _bootstrap._gcd_import(name[level:], package, level)
           ~~~~~~~~~~~~~~~~~~~~~~^^^^^^^^^^^^^^^^^^^^^^^^^^^^^^
  File "<frozen importlib._bootstrap>", line 1398, in _gcd_import
  File "<frozen importlib._bootstrap>", line 1371, in _find_and_load
  File "<frozen importlib._bootstrap>", line 1335, in _find_and_load_unlocked
ModuleNotFoundError: No module named 'kita_management'
2026-01-03 00:11:48,030 ERROR frappe Unable to load translations
Site: cng.localhost
Form Dict: {}
Traceback (most recent call last):
  File "/Users/cng/Frappe/frappe-dev/apps/frappe/frappe/app.py", line 102, in application
    init_request(request)
    ~~~~~~~~~~~~^^^^^^^^^
  File "/Users/cng/Frappe/frappe-dev/apps/frappe/frappe/app.py", line 178, in init_request
    frappe.init(site, sites_path=_sites_path, force=True)
    ~~~~~~~~~~~^^^^^^^^^^^^^^^^^^^^^^^^^^^^^^^^^^^^^^^^^^
  File "/Users/cng/Frappe/frappe-dev/apps/frappe/frappe/__init__.py", line 205, in init
    setup_module_map(include_all_apps=not (frappe.request or frappe.job or frappe.flags.in_migrate))
    ~~~~~~~~~~~~~~~~^^^^^^^^^^^^^^^^^^^^^^^^^^^^^^^^^^^^^^^^^^^^^^^^^^^^^^^^^^^^^^^^^^^^^^^^^^^^^^^^
  File "/Users/cng/Frappe/frappe-dev/apps/frappe/frappe/__init__.py", line 1037, in setup_module_map
    for module in get_module_list(app):
                  ~~~~~~~~~~~~~~~^^^^^
  File "/Users/cng/Frappe/frappe-dev/apps/frappe/frappe/__init__.py", line 878, in get_module_list
    return get_file_items(get_app_path(app_name, "modules.txt"))
                          ~~~~~~~~~~~~^^^^^^^^^^^^^^^^^^^^^^^^^
  File "/Users/cng/Frappe/frappe-dev/apps/frappe/frappe/__init__.py", line 843, in get_app_path
    return get_pymodule_path(app_name, *joins)
  File "/Users/cng/Frappe/frappe-dev/apps/frappe/frappe/__init__.py", line 873, in get_pymodule_path
    return abspath(join(dirname(get_module(scrub(modulename)).__file__ or ""), *joins))
                                ~~~~~~~~~~^^^^^^^^^^^^^^^^^^^
  File "/Users/cng/Frappe/frappe-dev/apps/frappe/frappe/__init__.py", line 814, in get_module
    return importlib.import_module(modulename)
           ~~~~~~~~~~~~~~~~~~~~~~~^^^^^^^^^^^^
  File "/opt/homebrew/Cellar/python@3.14/3.14.2/Frameworks/Python.framework/Versions/3.14/lib/python3.14/importlib/__init__.py", line 88, in import_module
    return _bootstrap._gcd_import(name[level:], package, level)
           ~~~~~~~~~~~~~~~~~~~~~~^^^^^^^^^^^^^^^^^^^^^^^^^^^^^^
  File "<frozen importlib._bootstrap>", line 1398, in _gcd_import
  File "<frozen importlib._bootstrap>", line 1371, in _find_and_load
  File "<frozen importlib._bootstrap>", line 1335, in _find_and_load_unlocked
ModuleNotFoundError: No module named 'kita_management'

During handling of the above exception, another exception occurred:

Traceback (most recent call last):
  File "/Users/cng/Frappe/frappe-dev/apps/frappe/frappe/translate.py", line 164, in get_all_translations
    return frappe.cache.hget(MERGED_TRANSLATION_KEY, lang, generator=_merge_translations)
           ~~~~~~~~~~~~~~~~~^^^^^^^^^^^^^^^^^^^^^^^^^^^^^^^^^^^^^^^^^^^^^^^^^^^^^^^^^^^^^
  File "/Users/cng/Frappe/frappe-dev/apps/frappe/frappe/utils/redis_wrapper.py", line 253, in hget
    value = generator()
  File "/Users/cng/Frappe/frappe-dev/apps/frappe/frappe/translate.py", line 152, in _merge_translations
    all_translations.update(get_translations_from_apps(lang))
                            ~~~~~~~~~~~~~~~~~~~~~~~~~~^^^^^^
  File "/Users/cng/Frappe/frappe-dev/apps/frappe/frappe/translate.py", line 180, in get_translations_from_apps
    translations.update(get_translations_from_csv(lang, app) or {})
                        ~~~~~~~~~~~~~~~~~~~~~~~~~^^^^^^^^^^^
  File "/Users/cng/Frappe/frappe-dev/apps/frappe/frappe/translate.py", line 192, in get_translations_from_csv
    os.path.join(frappe.get_app_path(app, "translations"), lang + ".csv"), lang, app
                 ~~~~~~~~~~~~~~~~~~~^^^^^^^^^^^^^^^^^^^^^
  File "/Users/cng/Frappe/frappe-dev/apps/frappe/frappe/__init__.py", line 843, in get_app_path
    return get_pymodule_path(app_name, *joins)
  File "/Users/cng/Frappe/frappe-dev/apps/frappe/frappe/__init__.py", line 873, in get_pymodule_path
    return abspath(join(dirname(get_module(scrub(modulename)).__file__ or ""), *joins))
                                ~~~~~~~~~~^^^^^^^^^^^^^^^^^^^
  File "/Users/cng/Frappe/frappe-dev/apps/frappe/frappe/__init__.py", line 814, in get_module
    return importlib.import_module(modulename)
           ~~~~~~~~~~~~~~~~~~~~~~~^^^^^^^^^^^^
  File "/opt/homebrew/Cellar/python@3.14/3.14.2/Frameworks/Python.framework/Versions/3.14/lib/python3.14/importlib/__init__.py", line 88, in import_module
    return _bootstrap._gcd_import(name[level:], package, level)
           ~~~~~~~~~~~~~~~~~~~~~~^^^^^^^^^^^^^^^^^^^^^^^^^^^^^^
  File "<frozen importlib._bootstrap>", line 1398, in _gcd_import
  File "<frozen importlib._bootstrap>", line 1371, in _find_and_load
  File "<frozen importlib._bootstrap>", line 1335, in _find_and_load_unlocked
ModuleNotFoundError: No module named 'kita_management'
2026-01-03 00:15:28,220 ERROR frappe New Exception collected in error log
Site: cng.localhost
Form Dict: {'page': '{"name":"Kita Management","title":null,"public":1}', 'cmd': 'frappe.desk.desktop.get_desktop_page'}
2026-01-03 00:16:54,892 ERROR frappe New Exception collected in error log
Site: cng.localhost
Form Dict: {'page': '{"name":"Kita Management","title":null,"public":1}', 'cmd': 'frappe.desk.desktop.get_desktop_page'}
2026-01-03 00:17:45,797 ERROR frappe New Exception collected in error log
Site: cng.localhost
Form Dict: {'page': '{"name":"Kita Management","title":null,"public":1}', 'cmd': 'frappe.desk.desktop.get_desktop_page'}
